<?xml version="1.0" encoding="UTF-8"?>
<testng-results ignored="0" total="2" passed="2" failed="0" skipped="0">
  <reporter-output>
  </reporter-output>
  <suite started-at="2025-03-21T10:30:22Z" name="Default suite" finished-at="2025-03-21T10:30:29Z" duration-ms="6679">
    <groups>
    </groups>
    <test started-at="2025-03-21T10:30:22Z" name="Default test" finished-at="2025-03-21T10:30:29Z" duration-ms="6679">
      <class name="com.testautomation.grid.SeleniumGridDemo">
        <test-method signature="runTestOnChrome()[pri:0, instance:com.testautomation.grid.SeleniumGridDemo@431cd9b2]" started-at="2025-03-21T10:30:22Z" name="runTestOnChrome" finished-at="2025-03-21T10:30:25Z" duration-ms="2942" status="PASS">
          <reporter-output>
          </reporter-output>
        </test-method> <!-- runTestOnChrome -->
        <test-method signature="runTestOnFirefox()[pri:0, instance:com.testautomation.grid.SeleniumGridDemo@431cd9b2]" started-at="2025-03-21T10:30:25Z" name="runTestOnFirefox" finished-at="2025-03-21T10:30:29Z" duration-ms="3725" status="PASS">
          <reporter-output>
          </reporter-output>
        </test-method> <!-- runTestOnFirefox -->
      </class> <!-- com.testautomation.grid.SeleniumGridDemo -->
    </test> <!-- Default test -->
  </suite> <!-- Default suite -->
</testng-results>
